<?xml version="1.0" encoding="UTF-8"?>
<!-- Generated by org.testng.reporters.JUnitXMLReporter -->
<testsuite ignored="0" hostname="DESKTOP-1JNDGSA" failures="1" tests="2" name="Test" time="42.701" errors="0" timestamp="2023-07-18T13:23:52 IST">
  <testcase classname="com.sample.Maven2.Base2test" name="login" time="23.406">
    <failure type="java.lang.AssertionError" message="expected [true] but found [false]">
      <![CDATA[java.lang.AssertionError: expected [true] but found [false]
at com.sample.Maven2.Base2test.login(Base2test.java:43)
at java.base/java.util.ArrayList.forEach(ArrayList.java:1511)
... Removed 31 stack frames]]>
    </failure>
  </testcase> <!-- login -->
  <testcase classname="com.sample.Maven2.Base3test" name="addcart" time="17.118"/>
</testsuite> <!-- Test -->
