<?xml version="1.0" encoding="UTF-8"?>
<testng-results ignored="0" total="1" passed="1" failed="0" skipped="0">
  <reporter-output>
  </reporter-output>
  <suite started-at="2023-07-19T14:31:13 IST" name="Suite" finished-at="2023-07-19T14:32:00 IST" duration-ms="47183">
    <groups>
    </groups>
    <test started-at="2023-07-19T14:31:13 IST" name="Test" finished-at="2023-07-19T14:32:00 IST" duration-ms="47183">
      <class name="com.sample.Maven2.Base3test">
        <test-method signature="addcart()[pri:0, instance:com.sample.Maven2.Base3test@62150f9e]" started-at="2023-07-19T14:31:14 IST" name="addcart" finished-at="2023-07-19T14:32:00 IST" duration-ms="45964" status="PASS">
          <reporter-output>
          </reporter-output>
        </test-method> <!-- addcart -->
      </class> <!-- com.sample.Maven2.Base3test -->
    </test> <!-- Test -->
  </suite> <!-- Suite -->
</testng-results>
