<?xml version="1.0" encoding="UTF-8"?>
<testng-results ignored="0" total="1" passed="1" failed="0" skipped="0">
  <reporter-output>
  </reporter-output>
  <suite started-at="2023-07-22T12:46:23 IST" name="Suite" finished-at="2023-07-22T12:46:47 IST" duration-ms="24578">
    <groups>
    </groups>
    <test started-at="2023-07-22T12:46:23 IST" name="Test" finished-at="2023-07-22T12:46:47 IST" duration-ms="24578">
      <class name="com.sample.Maven2.Base4test">
        <test-method is-config="true" signature="setup(java.lang.String)[pri:0, instance:com.sample.Maven2.Base4test@6ae5aa72]" started-at="2023-07-22T12:46:24 IST" name="setup" finished-at="2023-07-22T12:46:28 IST" duration-ms="4804" status="PASS">
          <params>
            <param index="0">
              <value>
                <![CDATA[chrome]]>
              </value>
            </param>
          </params>
          <reporter-output>
          </reporter-output>
        </test-method> <!-- setup -->
        <test-method signature="addresult()[pri:0, instance:com.sample.Maven2.Base4test@6ae5aa72]" started-at="2023-07-22T12:46:28 IST" name="addresult" finished-at="2023-07-22T12:46:47 IST" duration-ms="18309" status="PASS">
          <reporter-output>
          </reporter-output>
        </test-method> <!-- addresult -->
        <test-method is-config="true" signature="tear()[pri:0, instance:com.sample.Maven2.Base4test@6ae5aa72]" started-at="2023-07-22T12:46:47 IST" name="tear" finished-at="2023-07-22T12:46:47 IST" duration-ms="616" status="PASS">
          <reporter-output>
          </reporter-output>
        </test-method> <!-- tear -->
      </class> <!-- com.sample.Maven2.Base4test -->
    </test> <!-- Test -->
  </suite> <!-- Suite -->
</testng-results>
